--------------------------------------------------------------------------------
Release 14.7 Trace  (nt64)
Copyright (c) 1995-2013 Xilinx, Inc.  All rights reserved.

C:\Xilinx\14.7\ISE_DS\ISE\bin\nt64\unwrapped\trce.exe -intstyle ise -v 3 -s 3
-n 3 -fastpaths -xml top_level.twx top_level.ncd -o top_level.twr top_level.pcf
-ucf Nexys3_master.ucf

Design file:              top_level.ncd
Physical constraint file: top_level.pcf
Device,package,speed:     xc6slx16,csg324,C,-3 (PRODUCTION 1.23 2013-10-13)
Report level:             verbose report

Environment Variable      Effect 
--------------------      ------ 
NONE                      No environment variables were set
--------------------------------------------------------------------------------

INFO:Timing:2698 - No timing constraints found, doing default enumeration.
INFO:Timing:3412 - To improve timing, see the Timing Closure User Guide (UG612).
INFO:Timing:2752 - To get complete path coverage, use the unconstrained paths 
   option. All paths that are not constrained will be reported in the 
   unconstrained paths section(s) of the report.
INFO:Timing:3339 - The clock-to-out numbers in this timing report are based on 
   a 50 Ohm transmission line loading model.  For the details of this model, 
   and for more information on accounting for different loading conditions, 
   please see the device datasheet.



Data Sheet report:
-----------------
All values displayed in nanoseconds (ns)

Clock Clk to Pad
------------+-----------------+------------+-----------------+------------+------------------+--------+
            |Max (slowest) clk|  Process   |Min (fastest) clk|  Process   |                  | Clock  |
Destination |  (edge) to PAD  |   Corner   |  (edge) to PAD  |   Corner   |Internal Clock(s) | Phase  |
------------+-----------------+------------+-----------------+------------+------------------+--------+
HS          |         7.288(R)|      SLOW  |         4.504(R)|      FAST  |pixel_clk         |   0.000|
VS          |         6.815(R)|      SLOW  |         4.194(R)|      FAST  |pixel_clk         |   0.000|
rgb<0>      |        21.641(R)|      SLOW  |         6.323(R)|      FAST  |pixel_clk         |   0.000|
rgb<1>      |        21.502(R)|      SLOW  |         6.251(R)|      FAST  |pixel_clk         |   0.000|
rgb<2>      |        20.928(R)|      SLOW  |         5.868(R)|      FAST  |pixel_clk         |   0.000|
rgb<3>      |        21.099(R)|      SLOW  |         6.003(R)|      FAST  |pixel_clk         |   0.000|
rgb<4>      |        21.433(R)|      SLOW  |         6.261(R)|      FAST  |pixel_clk         |   0.000|
rgb<5>      |        21.036(R)|      SLOW  |         5.988(R)|      FAST  |pixel_clk         |   0.000|
rgb<6>      |        20.954(R)|      SLOW  |         5.794(R)|      FAST  |pixel_clk         |   0.000|
rgb<7>      |        21.102(R)|      SLOW  |         5.858(R)|      FAST  |pixel_clk         |   0.000|
------------+-----------------+------------+-----------------+------------+------------------+--------+

Clock to Setup on destination clock Clk
---------------+---------+---------+---------+---------+
               | Src:Rise| Src:Fall| Src:Rise| Src:Fall|
Source Clock   |Dest:Rise|Dest:Rise|Dest:Fall|Dest:Fall|
---------------+---------+---------+---------+---------+
Clk            |    5.371|         |         |         |
---------------+---------+---------+---------+---------+


Analysis completed Wed May 09 13:23:56 2018 
--------------------------------------------------------------------------------

Trace Settings:
-------------------------
Trace Settings 

Peak Memory Usage: 366 MB



